<?xml version="1.0" encoding="UTF-8"?>
<!-- Generated by org.testng.reporters.JUnitReportReporter -->
<testsuite hostname="LIN41005711" failures="0" tests="3" name="testrunner.landingPage_testrunner" time="63.925" errors="0" timestamp="2023-06-23T16:28:32 IST" skipped="0">
  <testcase classname="testrunner.landingPage_testrunner" name="runScenario" time="19.426"/>
  <system-out/>
  <testcase classname="testrunner.landingPage_testrunner" name="runScenario" time="22.029"/>
  <system-out/>
  <testcase classname="testrunner.landingPage_testrunner" name="runScenario" time="22.470"/>
  <system-out/>
</testsuite> <!-- testrunner.landingPage_testrunner -->
