<?xml version="1.0" encoding="UTF-8"?>
<!-- Generated by org.testng.reporters.JUnitReportReporter -->
<testsuite hostname="LIN41005711" failures="0" tests="3" name="testrunner.landingPage_testrunner2" time="46.888" errors="0" timestamp="2023-06-23T16:28:32 IST" skipped="0">
  <testcase classname="testrunner.landingPage_testrunner2" name="runScenario" time="16.099"/>
  <system-out/>
  <testcase classname="testrunner.landingPage_testrunner2" name="runScenario" time="14.442"/>
  <system-out/>
  <testcase classname="testrunner.landingPage_testrunner2" name="runScenario" time="16.347"/>
  <system-out/>
</testsuite> <!-- testrunner.landingPage_testrunner2 -->
