<?xml version="1.0" encoding="UTF-8"?>
<!-- Generated by org.testng.reporters.JUnitReportReporter -->
<testsuite hostname="LIN41005711" failures="0" tests="2" name="testrunner.landingPageExcel_testrunner" time="80.311" errors="0" timestamp="2023-06-23T16:28:32 IST" skipped="0">
  <testcase classname="testrunner.landingPageExcel_testrunner" name="runScenario" time="40.314"/>
  <system-out/>
  <testcase classname="testrunner.landingPageExcel_testrunner" name="runScenario" time="39.997"/>
  <system-out/>
</testsuite> <!-- testrunner.landingPageExcel_testrunner -->
